Analysis & Synthesis report for 12HourClock
Fri Feb 22 14:50:29 2019
Quartus Prime Version 18.1.0 Build 625 09/12/2018 SJ Lite Edition


---------------------
; Table of Contents ;
---------------------
  1. Legal Notice
  2. Analysis & Synthesis Summary
  3. Analysis & Synthesis Settings
  4. Parallel Compilation
  5. Analysis & Synthesis Source Files Read
  6. Analysis & Synthesis Resource Usage Summary
  7. Analysis & Synthesis Resource Utilization by Entity
  8. General Register Statistics
  9. Inverted Register Statistics
 10. Multiplexer Restructuring Statistics (Restructuring Performed)
 11. Post-Synthesis Netlist Statistics for Top Partition
 12. Elapsed Time Per Partition
 13. Analysis & Synthesis Messages



----------------
; Legal Notice ;
----------------
Copyright (C) 2018  Intel Corporation. All rights reserved.
Your use of Intel Corporation's design tools, logic functions 
and other software and tools, and its AMPP partner logic 
functions, and any output files from any of the foregoing 
(including device programming or simulation files), and any 
associated documentation or information are expressly subject 
to the terms and conditions of the Intel Program License 
Subscription Agreement, the Intel Quartus Prime License Agreement,
the Intel FPGA IP License Agreement, or other applicable license
agreement, including, without limitation, that your use is for
the sole purpose of programming logic devices manufactured by
Intel and sold by Intel or its authorized distributors.  Please
refer to the applicable agreement for further details.



+-------------------------------------------------------------------------------+
; Analysis & Synthesis Summary                                                  ;
+---------------------------------+---------------------------------------------+
; Analysis & Synthesis Status     ; Successful - Fri Feb 22 14:50:29 2019       ;
; Quartus Prime Version           ; 18.1.0 Build 625 09/12/2018 SJ Lite Edition ;
; Revision Name                   ; 12HourClock                                 ;
; Top-level Entity Name           ; 12HourClock                                 ;
; Family                          ; Cyclone V                                   ;
; Logic utilization (in ALMs)     ; N/A                                         ;
; Total registers                 ; 80                                          ;
; Total pins                      ; 56                                          ;
; Total virtual pins              ; 0                                           ;
; Total block memory bits         ; 0                                           ;
; Total DSP Blocks                ; 0                                           ;
; Total HSSI RX PCSs              ; 0                                           ;
; Total HSSI PMA RX Deserializers ; 0                                           ;
; Total HSSI TX PCSs              ; 0                                           ;
; Total HSSI PMA TX Serializers   ; 0                                           ;
; Total PLLs                      ; 0                                           ;
; Total DLLs                      ; 0                                           ;
+---------------------------------+---------------------------------------------+


+---------------------------------------------------------------------------------------------------------------------------+
; Analysis & Synthesis Settings                                                                                             ;
+---------------------------------------------------------------------------------+--------------------+--------------------+
; Option                                                                          ; Setting            ; Default Value      ;
+---------------------------------------------------------------------------------+--------------------+--------------------+
; Device                                                                          ; 5CEBA4F23C7        ;                    ;
; Top-level entity name                                                           ; 12HourClock        ; 12HourClock        ;
; Family name                                                                     ; Cyclone V          ; Cyclone V          ;
; Use smart compilation                                                           ; Off                ; Off                ;
; Enable parallel Assembler and Timing Analyzer during compilation                ; On                 ; On                 ;
; Enable compact report table                                                     ; Off                ; Off                ;
; Restructure Multiplexers                                                        ; Auto               ; Auto               ;
; MLAB Add Timing Constraints For Mixed-Port Feed-Through Mode Setting Don't Care ; Off                ; Off                ;
; Create Debugging Nodes for IP Cores                                             ; Off                ; Off                ;
; Preserve fewer node names                                                       ; On                 ; On                 ;
; Intel FPGA IP Evaluation Mode                                                   ; Enable             ; Enable             ;
; Verilog Version                                                                 ; Verilog_2001       ; Verilog_2001       ;
; VHDL Version                                                                    ; VHDL_1993          ; VHDL_1993          ;
; State Machine Processing                                                        ; Auto               ; Auto               ;
; Safe State Machine                                                              ; Off                ; Off                ;
; Extract Verilog State Machines                                                  ; On                 ; On                 ;
; Extract VHDL State Machines                                                     ; On                 ; On                 ;
; Ignore Verilog initial constructs                                               ; Off                ; Off                ;
; Iteration limit for constant Verilog loops                                      ; 5000               ; 5000               ;
; Iteration limit for non-constant Verilog loops                                  ; 250                ; 250                ;
; Add Pass-Through Logic to Inferred RAMs                                         ; On                 ; On                 ;
; Infer RAMs from Raw Logic                                                       ; On                 ; On                 ;
; Parallel Synthesis                                                              ; On                 ; On                 ;
; DSP Block Balancing                                                             ; Auto               ; Auto               ;
; NOT Gate Push-Back                                                              ; On                 ; On                 ;
; Power-Up Don't Care                                                             ; On                 ; On                 ;
; Remove Redundant Logic Cells                                                    ; Off                ; Off                ;
; Remove Duplicate Registers                                                      ; On                 ; On                 ;
; Ignore CARRY Buffers                                                            ; Off                ; Off                ;
; Ignore CASCADE Buffers                                                          ; Off                ; Off                ;
; Ignore GLOBAL Buffers                                                           ; Off                ; Off                ;
; Ignore ROW GLOBAL Buffers                                                       ; Off                ; Off                ;
; Ignore LCELL Buffers                                                            ; Off                ; Off                ;
; Ignore SOFT Buffers                                                             ; On                 ; On                 ;
; Limit AHDL Integers to 32 Bits                                                  ; Off                ; Off                ;
; Optimization Technique                                                          ; Balanced           ; Balanced           ;
; Carry Chain Length                                                              ; 70                 ; 70                 ;
; Auto Carry Chains                                                               ; On                 ; On                 ;
; Auto Open-Drain Pins                                                            ; On                 ; On                 ;
; Perform WYSIWYG Primitive Resynthesis                                           ; Off                ; Off                ;
; Auto ROM Replacement                                                            ; On                 ; On                 ;
; Auto RAM Replacement                                                            ; On                 ; On                 ;
; Auto DSP Block Replacement                                                      ; On                 ; On                 ;
; Auto Shift Register Replacement                                                 ; Auto               ; Auto               ;
; Allow Shift Register Merging across Hierarchies                                 ; Auto               ; Auto               ;
; Auto Clock Enable Replacement                                                   ; On                 ; On                 ;
; Strict RAM Replacement                                                          ; Off                ; Off                ;
; Allow Synchronous Control Signals                                               ; On                 ; On                 ;
; Force Use of Synchronous Clear Signals                                          ; Off                ; Off                ;
; Auto Resource Sharing                                                           ; Off                ; Off                ;
; Allow Any RAM Size For Recognition                                              ; Off                ; Off                ;
; Allow Any ROM Size For Recognition                                              ; Off                ; Off                ;
; Allow Any Shift Register Size For Recognition                                   ; Off                ; Off                ;
; Use LogicLock Constraints during Resource Balancing                             ; On                 ; On                 ;
; Ignore translate_off and synthesis_off directives                               ; Off                ; Off                ;
; Timing-Driven Synthesis                                                         ; On                 ; On                 ;
; Report Parameter Settings                                                       ; On                 ; On                 ;
; Report Source Assignments                                                       ; On                 ; On                 ;
; Report Connectivity Checks                                                      ; On                 ; On                 ;
; Ignore Maximum Fan-Out Assignments                                              ; Off                ; Off                ;
; Synchronization Register Chain Length                                           ; 3                  ; 3                  ;
; Power Optimization During Synthesis                                             ; Normal compilation ; Normal compilation ;
; HDL message level                                                               ; Level2             ; Level2             ;
; Suppress Register Optimization Related Messages                                 ; Off                ; Off                ;
; Number of Removed Registers Reported in Synthesis Report                        ; 5000               ; 5000               ;
; Number of Swept Nodes Reported in Synthesis Report                              ; 5000               ; 5000               ;
; Number of Inverted Registers Reported in Synthesis Report                       ; 100                ; 100                ;
; Clock MUX Protection                                                            ; On                 ; On                 ;
; Auto Gated Clock Conversion                                                     ; Off                ; Off                ;
; Block Design Naming                                                             ; Auto               ; Auto               ;
; SDC constraint protection                                                       ; Off                ; Off                ;
; Synthesis Effort                                                                ; Auto               ; Auto               ;
; Shift Register Replacement - Allow Asynchronous Clear Signal                    ; On                 ; On                 ;
; Pre-Mapping Resynthesis Optimization                                            ; Off                ; Off                ;
; Analysis & Synthesis Message Level                                              ; Medium             ; Medium             ;
; Disable Register Merging Across Hierarchies                                     ; Auto               ; Auto               ;
; Resource Aware Inference For Block RAM                                          ; On                 ; On                 ;
; Automatic Parallel Synthesis                                                    ; On                 ; On                 ;
; Partial Reconfiguration Bitstream ID                                            ; Off                ; Off                ;
+---------------------------------------------------------------------------------+--------------------+--------------------+


+------------------------------------------+
; Parallel Compilation                     ;
+----------------------------+-------------+
; Processors                 ; Number      ;
+----------------------------+-------------+
; Number detected on machine ; 4           ;
; Maximum allowed            ; 4           ;
;                            ;             ;
; Average used               ; 1.00        ;
; Maximum used               ; 4           ;
;                            ;             ;
; Usage by Processor         ; % Time Used ;
;     Processor 1            ; 100.0%      ;
;     Processor 2            ;   0.0%      ;
;     Processors 3-4         ;   0.0%      ;
+----------------------------+-------------+


+-------------------------------------------------------------------------------------------------------------------------------------------------------------------------------+
; Analysis & Synthesis Source Files Read                                                                                                                                        ;
+----------------------------------+-----------------+------------------------------------+---------------------------------------------------------------------------+---------+
; File Name with User-Entered Path ; Used in Netlist ; File Type                          ; File Name with Absolute Path                                              ; Library ;
+----------------------------------+-----------------+------------------------------------+---------------------------------------------------------------------------+---------+
; BCDCOUNT.vhd                     ; yes             ; User VHDL File                     ; C:/Users/Charles/Documents/Projects/CPEN312_Lab3_Altera/BCDCOUNT.vhd      ;         ;
; 12HourClock.bdf                  ; yes             ; User Block Diagram/Schematic File  ; C:/Users/Charles/Documents/Projects/CPEN312_Lab3_Altera/12HourClock.bdf   ;         ;
; BCDcount_mins.vhd                ; yes             ; User VHDL File                     ; C:/Users/Charles/Documents/Projects/CPEN312_Lab3_Altera/BCDcount_mins.vhd ;         ;
; BCDcount_hour.vhd                ; yes             ; User VHDL File                     ; C:/Users/Charles/Documents/Projects/CPEN312_Lab3_Altera/BCDcount_hour.vhd ;         ;
; 74374b.bdf                       ; yes             ; Megafunction                       ; c:/intelfpga_lite/18.1/quartus/libraries/others/maxplus2/74374b.bdf       ;         ;
+----------------------------------+-----------------+------------------------------------+---------------------------------------------------------------------------+---------+


+-----------------------------------------------------------+
; Analysis & Synthesis Resource Usage Summary               ;
+---------------------------------------------+-------------+
; Resource                                    ; Usage       ;
+---------------------------------------------+-------------+
; Estimate of Logic utilization (ALMs needed) ; 87          ;
;                                             ;             ;
; Combinational ALUT usage for logic          ; 163         ;
;     -- 7 input functions                    ; 0           ;
;     -- 6 input functions                    ; 3           ;
;     -- 5 input functions                    ; 25          ;
;     -- 4 input functions                    ; 80          ;
;     -- <=3 input functions                  ; 55          ;
;                                             ;             ;
; Dedicated logic registers                   ; 80          ;
;                                             ;             ;
; I/O pins                                    ; 56          ;
;                                             ;             ;
; Total DSP Blocks                            ; 0           ;
;                                             ;             ;
; Maximum fan-out node                        ; SW[9]~input ;
; Maximum fan-out                             ; 51          ;
; Total fan-out                               ; 912         ;
; Average fan-out                             ; 2.57        ;
+---------------------------------------------+-------------+


+-------------------------------------------------------------------------------------------------------------------------------------------------------------------------------------------------------+
; Analysis & Synthesis Resource Utilization by Entity                                                                                                                                                   ;
+----------------------------+---------------------+---------------------------+-------------------+------------+------+--------------+----------------------------------+---------------+--------------+
; Compilation Hierarchy Node ; Combinational ALUTs ; Dedicated Logic Registers ; Block Memory Bits ; DSP Blocks ; Pins ; Virtual Pins ; Full Hierarchy Name              ; Entity Name   ; Library Name ;
+----------------------------+---------------------+---------------------------+-------------------+------------+------+--------------+----------------------------------+---------------+--------------+
; |12HourClock               ; 163 (0)             ; 80 (0)                    ; 0                 ; 0          ; 56   ; 0            ; |12HourClock                     ; 12HourClock   ; work         ;
;    |74374b:latch1|         ; 0 (0)               ; 8 (8)                     ; 0                 ; 0          ; 0    ; 0            ; |12HourClock|74374b:latch1       ; 74374b        ; work         ;
;    |74374b:latch2|         ; 0 (0)               ; 8 (8)                     ; 0                 ; 0          ; 0    ; 0            ; |12HourClock|74374b:latch2       ; 74374b        ; work         ;
;    |74374b:latch3|         ; 0 (0)               ; 8 (8)                     ; 0                 ; 0          ; 0    ; 0            ; |12HourClock|74374b:latch3       ; 74374b        ; work         ;
;    |BCDCOUNT:inst|         ; 78 (78)             ; 39 (39)                   ; 0                 ; 0          ; 0    ; 0            ; |12HourClock|BCDCOUNT:inst       ; BCDCOUNT      ; work         ;
;    |BCDcount_hour:inst5|   ; 44 (44)             ; 8 (8)                     ; 0                 ; 0          ; 0    ; 0            ; |12HourClock|BCDcount_hour:inst5 ; BCDcount_hour ; work         ;
;    |BCDcount_mins:inst3|   ; 41 (41)             ; 9 (9)                     ; 0                 ; 0          ; 0    ; 0            ; |12HourClock|BCDcount_mins:inst3 ; BCDcount_mins ; work         ;
+----------------------------+---------------------+---------------------------+-------------------+------------+------+--------------+----------------------------------+---------------+--------------+
Note: For table entries with two numbers listed, the numbers in parentheses indicate the number of resources of the given type used by the specific entity alone. The numbers listed outside of parentheses indicate the total resources of the given type used by the specific entity and all of its sub-entities in the hierarchy.


+------------------------------------------------------+
; General Register Statistics                          ;
+----------------------------------------------+-------+
; Statistic                                    ; Value ;
+----------------------------------------------+-------+
; Total registers                              ; 80    ;
; Number of registers using Synchronous Clear  ; 29    ;
; Number of registers using Synchronous Load   ; 0     ;
; Number of registers using Asynchronous Clear ; 24    ;
; Number of registers using Asynchronous Load  ; 0     ;
; Number of registers using Clock Enable       ; 12    ;
; Number of registers using Preset             ; 0     ;
+----------------------------------------------+-------+


+-----------------------------------------------------+
; Inverted Register Statistics                        ;
+-------------------------------------------+---------+
; Inverted Register                         ; Fan out ;
+-------------------------------------------+---------+
; BCDcount_hour:inst5|LowDigit[0]~_emulated ; 1       ;
; Total number of inverted registers = 1    ;         ;
+-------------------------------------------+---------+


+-------------------------------------------------------------------------------------------------------------------------------------------------------------+
; Multiplexer Restructuring Statistics (Restructuring Performed)                                                                                              ;
+--------------------+-----------+---------------+----------------------+------------------------+------------+-----------------------------------------------+
; Multiplexer Inputs ; Bus Width ; Baseline Area ; Area if Restructured ; Saving if Restructured ; Registered ; Example Multiplexer Output                    ;
+--------------------+-----------+---------------+----------------------+------------------------+------------+-----------------------------------------------+
; 4:1                ; 4 bits    ; 8 LEs         ; 8 LEs                ; 0 LEs                  ; Yes        ; |12HourClock|BCDcount_hour:inst5|HighDigit[3] ;
; 5:1                ; 4 bits    ; 12 LEs        ; 8 LEs                ; 4 LEs                  ; Yes        ; |12HourClock|BCDcount_hour:inst5|LowDigit[3]  ;
+--------------------+-----------+---------------+----------------------+------------------------+------------+-----------------------------------------------+


+-----------------------------------------------------+
; Post-Synthesis Netlist Statistics for Top Partition ;
+-----------------------+-----------------------------+
; Type                  ; Count                       ;
+-----------------------+-----------------------------+
; arriav_ff             ; 80                          ;
;     CLR               ; 14                          ;
;     ENA               ; 2                           ;
;     ENA CLR           ; 10                          ;
;     SCLR              ; 29                          ;
;     plain             ; 25                          ;
; arriav_lcell_comb     ; 169                         ;
;     arith             ; 29                          ;
;         1 data inputs ; 29                          ;
;     normal            ; 140                         ;
;         1 data inputs ; 6                           ;
;         2 data inputs ; 9                           ;
;         3 data inputs ; 17                          ;
;         4 data inputs ; 80                          ;
;         5 data inputs ; 25                          ;
;         6 data inputs ; 3                           ;
; boundary_port         ; 56                          ;
;                       ;                             ;
; Max LUT depth         ; 5.00                        ;
; Average LUT depth     ; 2.77                        ;
+-----------------------+-----------------------------+


+-------------------------------+
; Elapsed Time Per Partition    ;
+----------------+--------------+
; Partition Name ; Elapsed Time ;
+----------------+--------------+
; Top            ; 00:00:00     ;
+----------------+--------------+


+-------------------------------+
; Analysis & Synthesis Messages ;
+-------------------------------+
Info: *******************************************************************
Info: Running Quartus Prime Analysis & Synthesis
    Info: Version 18.1.0 Build 625 09/12/2018 SJ Lite Edition
    Info: Processing started: Fri Feb 22 14:50:15 2019
Info: Command: quartus_map --read_settings_files=on --write_settings_files=off 12HourClock -c 12HourClock
Warning (18236): Number of processors has not been specified which may cause overloading on shared machines.  Set the global assignment NUM_PARALLEL_PROCESSORS in your QSF to an appropriate value for best performance.
Info (20030): Parallel compilation is enabled and will use 4 of the 4 processors detected
Info (12021): Found 2 design units, including 1 entities, in source file bcdcount.vhd
    Info (12022): Found design unit 1: BCDCOUNT-a File: C:/Users/Charles/Documents/Projects/CPEN312_Lab3_Altera/BCDCOUNT.vhd Line: 15
    Info (12023): Found entity 1: BCDCOUNT File: C:/Users/Charles/Documents/Projects/CPEN312_Lab3_Altera/BCDCOUNT.vhd Line: 6
Info (12021): Found 2 design units, including 1 entities, in source file bcdto7seg.vhd
    Info (12022): Found design unit 1: BCDto7Seg-a File: C:/Users/Charles/Documents/Projects/CPEN312_Lab3_Altera/BCDto7seg.vhd Line: 14
    Info (12023): Found entity 1: BCDto7Seg File: C:/Users/Charles/Documents/Projects/CPEN312_Lab3_Altera/BCDto7seg.vhd Line: 4
Info (12021): Found 1 design units, including 1 entities, in source file 12hourclock.bdf
    Info (12023): Found entity 1: 12HourClock
Info (12021): Found 2 design units, including 1 entities, in source file bcdcount_mins.vhd
    Info (12022): Found design unit 1: BCDcount_mins-a File: C:/Users/Charles/Documents/Projects/CPEN312_Lab3_Altera/BCDcount_mins.vhd Line: 15
    Info (12023): Found entity 1: BCDcount_mins File: C:/Users/Charles/Documents/Projects/CPEN312_Lab3_Altera/BCDcount_mins.vhd Line: 6
Info (12021): Found 2 design units, including 1 entities, in source file bcdcount_hour.vhd
    Info (12022): Found design unit 1: BCDcount_hour-a File: C:/Users/Charles/Documents/Projects/CPEN312_Lab3_Altera/BCDcount_hour.vhd Line: 15
    Info (12023): Found entity 1: BCDcount_hour File: C:/Users/Charles/Documents/Projects/CPEN312_Lab3_Altera/BCDcount_hour.vhd Line: 6
Info (12021): Found 2 design units, including 1 entities, in source file bcdfilter.vhd
    Info (12022): Found design unit 1: BCDfilter-a File: C:/Users/Charles/Documents/Projects/CPEN312_Lab3_Altera/BCDfilter.vhd Line: 13
    Info (12023): Found entity 1: BCDfilter File: C:/Users/Charles/Documents/Projects/CPEN312_Lab3_Altera/BCDfilter.vhd Line: 6
Info (12127): Elaborating entity "12HourClock" for the top level hierarchy
Info (12128): Elaborating entity "BCDCOUNT" for hierarchy "BCDCOUNT:inst"
Warning (10492): VHDL Process Statement warning at BCDCOUNT.vhd(73): signal "SET_LOW" is read inside the Process Statement but isn't in the Process Statement's sensitivity list File: C:/Users/Charles/Documents/Projects/CPEN312_Lab3_Altera/BCDCOUNT.vhd Line: 73
Warning (10492): VHDL Process Statement warning at BCDCOUNT.vhd(74): signal "SET_HIGH" is read inside the Process Statement but isn't in the Process Statement's sensitivity list File: C:/Users/Charles/Documents/Projects/CPEN312_Lab3_Altera/BCDCOUNT.vhd Line: 74
Info (12128): Elaborating entity "74374b" for hierarchy "74374b:latch1"
Info (12130): Elaborated megafunction instantiation "74374b:latch1"
Info (12128): Elaborating entity "BCDcount_mins" for hierarchy "BCDcount_mins:inst3"
Warning (10492): VHDL Process Statement warning at BCDcount_mins.vhd(29): signal "SET_LOW" is read inside the Process Statement but isn't in the Process Statement's sensitivity list File: C:/Users/Charles/Documents/Projects/CPEN312_Lab3_Altera/BCDcount_mins.vhd Line: 29
Warning (10492): VHDL Process Statement warning at BCDcount_mins.vhd(30): signal "SET_HIGH" is read inside the Process Statement but isn't in the Process Statement's sensitivity list File: C:/Users/Charles/Documents/Projects/CPEN312_Lab3_Altera/BCDcount_mins.vhd Line: 30
Info (12128): Elaborating entity "BCDcount_hour" for hierarchy "BCDcount_hour:inst5"
Warning (10492): VHDL Process Statement warning at BCDcount_hour.vhd(32): signal "SET_LOW" is read inside the Process Statement but isn't in the Process Statement's sensitivity list File: C:/Users/Charles/Documents/Projects/CPEN312_Lab3_Altera/BCDcount_hour.vhd Line: 32
Warning (10492): VHDL Process Statement warning at BCDcount_hour.vhd(33): signal "SET_HIGH" is read inside the Process Statement but isn't in the Process Statement's sensitivity list File: C:/Users/Charles/Documents/Projects/CPEN312_Lab3_Altera/BCDcount_hour.vhd Line: 33
Warning (13046): Tri-state node(s) do not directly drive top-level pin(s)
    Warning (13049): Converted tri-state buffer "74374b:latch3|49" feeding internal logic into a wire
    Warning (13049): Converted tri-state buffer "74374b:latch3|48" feeding internal logic into a wire
    Warning (13049): Converted tri-state buffer "74374b:latch3|47" feeding internal logic into a wire
    Warning (13049): Converted tri-state buffer "74374b:latch3|46" feeding internal logic into a wire
    Warning (13049): Converted tri-state buffer "74374b:latch3|45" feeding internal logic into a wire
    Warning (13049): Converted tri-state buffer "74374b:latch3|44" feeding internal logic into a wire
    Warning (13049): Converted tri-state buffer "74374b:latch3|43" feeding internal logic into a wire
    Warning (13049): Converted tri-state buffer "74374b:latch3|41" feeding internal logic into a wire
    Warning (13049): Converted tri-state buffer "74374b:latch2|49" feeding internal logic into a wire
    Warning (13049): Converted tri-state buffer "74374b:latch2|48" feeding internal logic into a wire
    Warning (13049): Converted tri-state buffer "74374b:latch2|47" feeding internal logic into a wire
    Warning (13049): Converted tri-state buffer "74374b:latch2|46" feeding internal logic into a wire
    Warning (13049): Converted tri-state buffer "74374b:latch2|45" feeding internal logic into a wire
    Warning (13049): Converted tri-state buffer "74374b:latch2|44" feeding internal logic into a wire
    Warning (13049): Converted tri-state buffer "74374b:latch2|43" feeding internal logic into a wire
    Warning (13049): Converted tri-state buffer "74374b:latch2|41" feeding internal logic into a wire
    Warning (13049): Converted tri-state buffer "74374b:latch1|49" feeding internal logic into a wire
    Warning (13049): Converted tri-state buffer "74374b:latch1|48" feeding internal logic into a wire
    Warning (13049): Converted tri-state buffer "74374b:latch1|47" feeding internal logic into a wire
    Warning (13049): Converted tri-state buffer "74374b:latch1|46" feeding internal logic into a wire
    Warning (13049): Converted tri-state buffer "74374b:latch1|45" feeding internal logic into a wire
    Warning (13049): Converted tri-state buffer "74374b:latch1|44" feeding internal logic into a wire
    Warning (13049): Converted tri-state buffer "74374b:latch1|43" feeding internal logic into a wire
    Warning (13049): Converted tri-state buffer "74374b:latch1|41" feeding internal logic into a wire
Warning (13004): Presettable and clearable registers converted to equivalent circuits with latches. Registers power-up to an undefined state, and DEVCLRn places the registers in an undefined state.
    Warning (13310): Register "BCDCOUNT:inst|LowDigit[0]" is converted into an equivalent circuit using register "BCDCOUNT:inst|LowDigit[0]~_emulated" and latch "BCDCOUNT:inst|LowDigit[0]~1" File: C:/Users/Charles/Documents/Projects/CPEN312_Lab3_Altera/BCDCOUNT.vhd Line: 72
    Warning (13310): Register "BCDCOUNT:inst|LowDigit[1]" is converted into an equivalent circuit using register "BCDCOUNT:inst|LowDigit[1]~_emulated" and latch "BCDCOUNT:inst|LowDigit[1]~5" File: C:/Users/Charles/Documents/Projects/CPEN312_Lab3_Altera/BCDCOUNT.vhd Line: 72
    Warning (13310): Register "BCDCOUNT:inst|LowDigit[2]" is converted into an equivalent circuit using register "BCDCOUNT:inst|LowDigit[2]~_emulated" and latch "BCDCOUNT:inst|LowDigit[2]~9" File: C:/Users/Charles/Documents/Projects/CPEN312_Lab3_Altera/BCDCOUNT.vhd Line: 72
    Warning (13310): Register "BCDCOUNT:inst|LowDigit[3]" is converted into an equivalent circuit using register "BCDCOUNT:inst|LowDigit[3]~_emulated" and latch "BCDCOUNT:inst|LowDigit[3]~13" File: C:/Users/Charles/Documents/Projects/CPEN312_Lab3_Altera/BCDCOUNT.vhd Line: 72
    Warning (13310): Register "BCDCOUNT:inst|HighDigit[0]" is converted into an equivalent circuit using register "BCDCOUNT:inst|HighDigit[0]~_emulated" and latch "BCDCOUNT:inst|HighDigit[0]~1" File: C:/Users/Charles/Documents/Projects/CPEN312_Lab3_Altera/BCDCOUNT.vhd Line: 72
    Warning (13310): Register "BCDCOUNT:inst|HighDigit[1]" is converted into an equivalent circuit using register "BCDCOUNT:inst|HighDigit[1]~_emulated" and latch "BCDCOUNT:inst|HighDigit[1]~5" File: C:/Users/Charles/Documents/Projects/CPEN312_Lab3_Altera/BCDCOUNT.vhd Line: 72
    Warning (13310): Register "BCDCOUNT:inst|HighDigit[2]" is converted into an equivalent circuit using register "BCDCOUNT:inst|HighDigit[2]~_emulated" and latch "BCDCOUNT:inst|HighDigit[2]~9" File: C:/Users/Charles/Documents/Projects/CPEN312_Lab3_Altera/BCDCOUNT.vhd Line: 72
    Warning (13310): Register "BCDCOUNT:inst|HighDigit[3]" is converted into an equivalent circuit using register "BCDCOUNT:inst|HighDigit[3]~_emulated" and latch "BCDCOUNT:inst|HighDigit[3]~13" File: C:/Users/Charles/Documents/Projects/CPEN312_Lab3_Altera/BCDCOUNT.vhd Line: 72
    Warning (13310): Register "BCDcount_mins:inst3|LowDigit[0]" is converted into an equivalent circuit using register "BCDcount_mins:inst3|LowDigit[0]~_emulated" and latch "BCDcount_mins:inst3|LowDigit[0]~1" File: C:/Users/Charles/Documents/Projects/CPEN312_Lab3_Altera/BCDcount_mins.vhd Line: 28
    Warning (13310): Register "BCDcount_mins:inst3|LowDigit[1]" is converted into an equivalent circuit using register "BCDcount_mins:inst3|LowDigit[1]~_emulated" and latch "BCDcount_mins:inst3|LowDigit[1]~5" File: C:/Users/Charles/Documents/Projects/CPEN312_Lab3_Altera/BCDcount_mins.vhd Line: 28
    Warning (13310): Register "BCDcount_mins:inst3|LowDigit[2]" is converted into an equivalent circuit using register "BCDcount_mins:inst3|LowDigit[2]~_emulated" and latch "BCDcount_mins:inst3|LowDigit[2]~9" File: C:/Users/Charles/Documents/Projects/CPEN312_Lab3_Altera/BCDcount_mins.vhd Line: 28
    Warning (13310): Register "BCDcount_mins:inst3|LowDigit[3]" is converted into an equivalent circuit using register "BCDcount_mins:inst3|LowDigit[3]~_emulated" and latch "BCDcount_mins:inst3|LowDigit[3]~13" File: C:/Users/Charles/Documents/Projects/CPEN312_Lab3_Altera/BCDcount_mins.vhd Line: 28
    Warning (13310): Register "BCDcount_mins:inst3|HighDigit[0]" is converted into an equivalent circuit using register "BCDcount_mins:inst3|HighDigit[0]~_emulated" and latch "BCDcount_mins:inst3|HighDigit[0]~1" File: C:/Users/Charles/Documents/Projects/CPEN312_Lab3_Altera/BCDcount_mins.vhd Line: 28
    Warning (13310): Register "BCDcount_mins:inst3|HighDigit[1]" is converted into an equivalent circuit using register "BCDcount_mins:inst3|HighDigit[1]~_emulated" and latch "BCDcount_mins:inst3|HighDigit[1]~5" File: C:/Users/Charles/Documents/Projects/CPEN312_Lab3_Altera/BCDcount_mins.vhd Line: 28
    Warning (13310): Register "BCDcount_mins:inst3|HighDigit[2]" is converted into an equivalent circuit using register "BCDcount_mins:inst3|HighDigit[2]~_emulated" and latch "BCDcount_mins:inst3|HighDigit[2]~9" File: C:/Users/Charles/Documents/Projects/CPEN312_Lab3_Altera/BCDcount_mins.vhd Line: 28
    Warning (13310): Register "BCDcount_mins:inst3|HighDigit[3]" is converted into an equivalent circuit using register "BCDcount_mins:inst3|HighDigit[3]~_emulated" and latch "BCDcount_mins:inst3|HighDigit[3]~13" File: C:/Users/Charles/Documents/Projects/CPEN312_Lab3_Altera/BCDcount_mins.vhd Line: 28
    Warning (13310): Register "BCDcount_hour:inst5|LowDigit[0]" is converted into an equivalent circuit using register "BCDcount_hour:inst5|LowDigit[0]~_emulated" and latch "BCDcount_hour:inst5|LowDigit[0]~1" File: C:/Users/Charles/Documents/Projects/CPEN312_Lab3_Altera/BCDcount_hour.vhd Line: 28
    Warning (13310): Register "BCDcount_hour:inst5|LowDigit[1]" is converted into an equivalent circuit using register "BCDcount_hour:inst5|LowDigit[1]~_emulated" and latch "BCDcount_hour:inst5|LowDigit[1]~5" File: C:/Users/Charles/Documents/Projects/CPEN312_Lab3_Altera/BCDcount_hour.vhd Line: 28
    Warning (13310): Register "BCDcount_hour:inst5|LowDigit[2]" is converted into an equivalent circuit using register "BCDcount_hour:inst5|LowDigit[2]~_emulated" and latch "BCDcount_hour:inst5|LowDigit[2]~9" File: C:/Users/Charles/Documents/Projects/CPEN312_Lab3_Altera/BCDcount_hour.vhd Line: 28
    Warning (13310): Register "BCDcount_hour:inst5|LowDigit[3]" is converted into an equivalent circuit using register "BCDcount_hour:inst5|LowDigit[3]~_emulated" and latch "BCDcount_hour:inst5|LowDigit[3]~13" File: C:/Users/Charles/Documents/Projects/CPEN312_Lab3_Altera/BCDcount_hour.vhd Line: 28
    Warning (13310): Register "BCDcount_hour:inst5|HighDigit[0]" is converted into an equivalent circuit using register "BCDcount_hour:inst5|HighDigit[0]~_emulated" and latch "BCDcount_hour:inst5|HighDigit[0]~1" File: C:/Users/Charles/Documents/Projects/CPEN312_Lab3_Altera/BCDcount_hour.vhd Line: 28
    Warning (13310): Register "BCDcount_hour:inst5|HighDigit[1]" is converted into an equivalent circuit using register "BCDcount_hour:inst5|HighDigit[1]~_emulated" and latch "BCDcount_hour:inst5|HighDigit[1]~5" File: C:/Users/Charles/Documents/Projects/CPEN312_Lab3_Altera/BCDcount_hour.vhd Line: 28
    Warning (13310): Register "BCDcount_hour:inst5|HighDigit[2]" is converted into an equivalent circuit using register "BCDcount_hour:inst5|HighDigit[2]~_emulated" and latch "BCDcount_hour:inst5|HighDigit[2]~9" File: C:/Users/Charles/Documents/Projects/CPEN312_Lab3_Altera/BCDcount_hour.vhd Line: 28
    Warning (13310): Register "BCDcount_hour:inst5|HighDigit[3]" is converted into an equivalent circuit using register "BCDcount_hour:inst5|HighDigit[3]~_emulated" and latch "BCDcount_hour:inst5|HighDigit[3]~13" File: C:/Users/Charles/Documents/Projects/CPEN312_Lab3_Altera/BCDcount_hour.vhd Line: 28
Info (286030): Timing-Driven Synthesis is running
Warning (20013): Ignored 95 assignments for entity "binAddSub" -- entity does not exist in design
    Warning (20014): Assignment for entity set_instance_assignment -name IO_STANDARD "3.3-V LVTTL" -to CLOCK2_50 -entity binAddSub was ignored
    Warning (20014): Assignment for entity set_instance_assignment -name IO_STANDARD "3.3-V LVTTL" -to CLOCK3_50 -entity binAddSub was ignored
    Warning (20014): Assignment for entity set_instance_assignment -name IO_STANDARD "3.3-V LVTTL" -to CLOCK4_50 -entity binAddSub was ignored
    Warning (20014): Assignment for entity set_instance_assignment -name IO_STANDARD "3.3-V LVTTL" -to CLOCK_50 -entity binAddSub was ignored
    Warning (20014): Assignment for entity set_instance_assignment -name IO_STANDARD "3.3-V LVTTL" -to HEX0[0] -entity binAddSub was ignored
    Warning (20014): Assignment for entity set_instance_assignment -name IO_STANDARD "3.3-V LVTTL" -to HEX0[1] -entity binAddSub was ignored
    Warning (20014): Assignment for entity set_instance_assignment -name IO_STANDARD "3.3-V LVTTL" -to HEX0[2] -entity binAddSub was ignored
    Warning (20014): Assignment for entity set_instance_assignment -name IO_STANDARD "3.3-V LVTTL" -to HEX0[3] -entity binAddSub was ignored
    Warning (20014): Assignment for entity set_instance_assignment -name IO_STANDARD "3.3-V LVTTL" -to HEX0[4] -entity binAddSub was ignored
    Warning (20014): Assignment for entity set_instance_assignment -name IO_STANDARD "3.3-V LVTTL" -to HEX0[5] -entity binAddSub was ignored
    Warning (20014): Assignment for entity set_instance_assignment -name IO_STANDARD "3.3-V LVTTL" -to HEX0[6] -entity binAddSub was ignored
    Warning (20014): Assignment for entity set_instance_assignment -name IO_STANDARD "3.3-V LVTTL" -to HEX1[0] -entity binAddSub was ignored
    Warning (20014): Assignment for entity set_instance_assignment -name IO_STANDARD "3.3-V LVTTL" -to HEX1[1] -entity binAddSub was ignored
    Warning (20014): Assignment for entity set_instance_assignment -name IO_STANDARD "3.3-V LVTTL" -to HEX1[2] -entity binAddSub was ignored
    Warning (20014): Assignment for entity set_instance_assignment -name IO_STANDARD "3.3-V LVTTL" -to HEX1[3] -entity binAddSub was ignored
    Warning (20014): Assignment for entity set_instance_assignment -name IO_STANDARD "3.3-V LVTTL" -to HEX1[4] -entity binAddSub was ignored
    Warning (20014): Assignment for entity set_instance_assignment -name IO_STANDARD "3.3-V LVTTL" -to HEX1[5] -entity binAddSub was ignored
    Warning (20014): Assignment for entity set_instance_assignment -name IO_STANDARD "3.3-V LVTTL" -to HEX1[6] -entity binAddSub was ignored
    Warning (20014): Assignment for entity set_instance_assignment -name IO_STANDARD "3.3-V LVTTL" -to HEX2[0] -entity binAddSub was ignored
    Warning (20014): Assignment for entity set_instance_assignment -name IO_STANDARD "3.3-V LVTTL" -to HEX2[1] -entity binAddSub was ignored
    Warning (20014): Assignment for entity set_instance_assignment -name IO_STANDARD "3.3-V LVTTL" -to HEX2[2] -entity binAddSub was ignored
    Warning (20014): Assignment for entity set_instance_assignment -name IO_STANDARD "3.3-V LVTTL" -to HEX2[3] -entity binAddSub was ignored
    Warning (20014): Assignment for entity set_instance_assignment -name IO_STANDARD "3.3-V LVTTL" -to HEX2[4] -entity binAddSub was ignored
    Warning (20014): Assignment for entity set_instance_assignment -name IO_STANDARD "3.3-V LVTTL" -to HEX2[5] -entity binAddSub was ignored
    Warning (20014): Assignment for entity set_instance_assignment -name IO_STANDARD "3.3-V LVTTL" -to HEX2[6] -entity binAddSub was ignored
    Warning (20014): Assignment for entity set_instance_assignment -name IO_STANDARD "3.3-V LVTTL" -to HEX3[0] -entity binAddSub was ignored
    Warning (20014): Assignment for entity set_instance_assignment -name IO_STANDARD "3.3-V LVTTL" -to HEX3[1] -entity binAddSub was ignored
    Warning (20014): Assignment for entity set_instance_assignment -name IO_STANDARD "3.3-V LVTTL" -to HEX3[2] -entity binAddSub was ignored
    Warning (20014): Assignment for entity set_instance_assignment -name IO_STANDARD "3.3-V LVTTL" -to HEX3[3] -entity binAddSub was ignored
    Warning (20014): Assignment for entity set_instance_assignment -name IO_STANDARD "3.3-V LVTTL" -to HEX3[4] -entity binAddSub was ignored
    Warning (20014): Assignment for entity set_instance_assignment -name IO_STANDARD "3.3-V LVTTL" -to HEX3[5] -entity binAddSub was ignored
    Warning (20014): Assignment for entity set_instance_assignment -name IO_STANDARD "3.3-V LVTTL" -to HEX3[6] -entity binAddSub was ignored
    Warning (20014): Assignment for entity set_instance_assignment -name IO_STANDARD "3.3-V LVTTL" -to HEX4[0] -entity binAddSub was ignored
    Warning (20014): Assignment for entity set_instance_assignment -name IO_STANDARD "3.3-V LVTTL" -to HEX4[1] -entity binAddSub was ignored
    Warning (20014): Assignment for entity set_instance_assignment -name IO_STANDARD "3.3-V LVTTL" -to HEX4[2] -entity binAddSub was ignored
    Warning (20014): Assignment for entity set_instance_assignment -name IO_STANDARD "3.3-V LVTTL" -to HEX4[3] -entity binAddSub was ignored
    Warning (20014): Assignment for entity set_instance_assignment -name IO_STANDARD "3.3-V LVTTL" -to HEX4[4] -entity binAddSub was ignored
    Warning (20014): Assignment for entity set_instance_assignment -name IO_STANDARD "3.3-V LVTTL" -to HEX4[5] -entity binAddSub was ignored
    Warning (20014): Assignment for entity set_instance_assignment -name IO_STANDARD "3.3-V LVTTL" -to HEX4[6] -entity binAddSub was ignored
    Warning (20014): Assignment for entity set_instance_assignment -name IO_STANDARD "3.3-V LVTTL" -to HEX5[0] -entity binAddSub was ignored
    Warning (20014): Assignment for entity set_instance_assignment -name IO_STANDARD "3.3-V LVTTL" -to HEX5[1] -entity binAddSub was ignored
    Warning (20014): Assignment for entity set_instance_assignment -name IO_STANDARD "3.3-V LVTTL" -to HEX5[2] -entity binAddSub was ignored
    Warning (20014): Assignment for entity set_instance_assignment -name IO_STANDARD "3.3-V LVTTL" -to HEX5[3] -entity binAddSub was ignored
    Warning (20014): Assignment for entity set_instance_assignment -name IO_STANDARD "3.3-V LVTTL" -to HEX5[4] -entity binAddSub was ignored
    Warning (20014): Assignment for entity set_instance_assignment -name IO_STANDARD "3.3-V LVTTL" -to HEX5[5] -entity binAddSub was ignored
    Warning (20014): Assignment for entity set_instance_assignment -name IO_STANDARD "3.3-V LVTTL" -to HEX5[6] -entity binAddSub was ignored
    Warning (20014): Assignment for entity set_instance_assignment -name IO_STANDARD "3.3-V LVTTL" -to KEY[0] -entity binAddSub was ignored
    Warning (20014): Assignment for entity set_instance_assignment -name IO_STANDARD "3.3-V LVTTL" -to KEY[1] -entity binAddSub was ignored
    Warning (20014): Assignment for entity set_instance_assignment -name IO_STANDARD "3.3-V LVTTL" -to KEY[2] -entity binAddSub was ignored
    Warning (20014): Assignment for entity set_instance_assignment -name IO_STANDARD "3.3-V LVTTL" -to KEY[3] -entity binAddSub was ignored
    Warning (20014): Assignment for entity set_instance_assignment -name IO_STANDARD "3.3-V LVTTL" -to LEDR[0] -entity binAddSub was ignored
    Warning (20014): Assignment for entity set_instance_assignment -name IO_STANDARD "3.3-V LVTTL" -to LEDR[1] -entity binAddSub was ignored
    Warning (20014): Assignment for entity set_instance_assignment -name IO_STANDARD "3.3-V LVTTL" -to LEDR[2] -entity binAddSub was ignored
    Warning (20014): Assignment for entity set_instance_assignment -name IO_STANDARD "3.3-V LVTTL" -to LEDR[3] -entity binAddSub was ignored
    Warning (20014): Assignment for entity set_instance_assignment -name IO_STANDARD "3.3-V LVTTL" -to LEDR[4] -entity binAddSub was ignored
    Warning (20014): Assignment for entity set_instance_assignment -name IO_STANDARD "3.3-V LVTTL" -to LEDR[5] -entity binAddSub was ignored
    Warning (20014): Assignment for entity set_instance_assignment -name IO_STANDARD "3.3-V LVTTL" -to LEDR[6] -entity binAddSub was ignored
    Warning (20014): Assignment for entity set_instance_assignment -name IO_STANDARD "3.3-V LVTTL" -to LEDR[7] -entity binAddSub was ignored
    Warning (20014): Assignment for entity set_instance_assignment -name IO_STANDARD "3.3-V LVTTL" -to LEDR[8] -entity binAddSub was ignored
    Warning (20014): Assignment for entity set_instance_assignment -name IO_STANDARD "3.3-V LVTTL" -to LEDR[9] -entity binAddSub was ignored
    Warning (20014): Assignment for entity set_instance_assignment -name IO_STANDARD "3.3-V LVTTL" -to RESET_N -entity binAddSub was ignored
    Warning (20014): Assignment for entity set_instance_assignment -name IO_STANDARD "3.3-V LVTTL" -to SW[0] -entity binAddSub was ignored
    Warning (20014): Assignment for entity set_instance_assignment -name IO_STANDARD "3.3-V LVTTL" -to SW[1] -entity binAddSub was ignored
    Warning (20014): Assignment for entity set_instance_assignment -name IO_STANDARD "3.3-V LVTTL" -to SW[2] -entity binAddSub was ignored
    Warning (20014): Assignment for entity set_instance_assignment -name IO_STANDARD "3.3-V LVTTL" -to SW[3] -entity binAddSub was ignored
    Warning (20014): Assignment for entity set_instance_assignment -name IO_STANDARD "3.3-V LVTTL" -to SW[4] -entity binAddSub was ignored
    Warning (20014): Assignment for entity set_instance_assignment -name IO_STANDARD "3.3-V LVTTL" -to SW[5] -entity binAddSub was ignored
    Warning (20014): Assignment for entity set_instance_assignment -name IO_STANDARD "3.3-V LVTTL" -to SW[6] -entity binAddSub was ignored
    Warning (20014): Assignment for entity set_instance_assignment -name IO_STANDARD "3.3-V LVTTL" -to SW[7] -entity binAddSub was ignored
    Warning (20014): Assignment for entity set_instance_assignment -name IO_STANDARD "3.3-V LVTTL" -to SW[8] -entity binAddSub was ignored
    Warning (20014): Assignment for entity set_instance_assignment -name IO_STANDARD "3.3-V LVTTL" -to SW[9] -entity binAddSub was ignored
    Warning (20014): Assignment for entity set_instance_assignment -name PARTITION_HIERARCHY root_partition -to | -entity binAddSub -section_id Top was ignored
    Warning (20014): Assignment for entity set_global_assignment -name PARTITION_NETLIST_TYPE SOURCE -entity binAddSub -section_id Top was ignored
    Warning (20014): Assignment for entity set_global_assignment -name PARTITION_FITTER_PRESERVATION_LEVEL PLACEMENT_AND_ROUTING -entity binAddSub -section_id Top was ignored
    Warning (20014): Assignment for entity set_global_assignment -name PARTITION_PRESERVE_HIGH_SPEED_TILES ON -entity binAddSub -section_id Top was ignored
    Warning (20014): Assignment for entity set_global_assignment -name PARTITION_IGNORE_SOURCE_FILE_CHANGES OFF -entity binAddSub -section_id Top was ignored
    Warning (20014): Assignment for entity set_global_assignment -name PARTITION_ALWAYS_USE_QXP_NETLIST OFF -entity binAddSub -section_id Top was ignored
    Warning (20014): Assignment for entity set_global_assignment -name PARTITION_COLOR 16764057 -entity binAddSub -section_id Top was ignored
    Warning (20014): Assignment for entity set_global_assignment -name PARTITION_IMPORT_ASSIGNMENTS ON -entity binAddSub -section_id Top was ignored
    Warning (20014): Assignment for entity set_global_assignment -name PARTITION_IMPORT_EXISTING_ASSIGNMENTS REPLACE_CONFLICTING -entity binAddSub -section_id Top was ignored
    Warning (20014): Assignment for entity set_global_assignment -name PARTITION_IMPORT_EXISTING_LOGICLOCK_REGIONS UPDATE_CONFLICTING -entity binAddSub -section_id Top was ignored
    Warning (20014): Assignment for entity set_global_assignment -name PARTITION_IMPORT_PIN_ASSIGNMENTS ON -entity binAddSub -section_id Top was ignored
    Warning (20014): Assignment for entity set_global_assignment -name PARTITION_IMPORT_PROMOTE_ASSIGNMENTS ON -entity binAddSub -section_id Top was ignored
    Warning (20014): Assignment for entity set_global_assignment -name PARTITION_TYPE STANDARD_PARTITION -entity binAddSub -section_id Top was ignored
    Warning (20014): Assignment for entity set_global_assignment -name ALLOW_MULTIPLE_PERSONAS OFF -entity binAddSub -section_id Top was ignored
    Warning (20014): Assignment for entity set_global_assignment -name PARTITION_ASD_REGION_ID 1 -entity binAddSub -section_id Top was ignored
    Warning (20014): Assignment for entity set_global_assignment -name CROSS_BOUNDARY_OPTIMIZATIONS OFF -entity binAddSub -section_id Top was ignored
    Warning (20014): Assignment for entity set_global_assignment -name PROPAGATE_CONSTANTS_ON_INPUTS ON -entity binAddSub -section_id Top was ignored
    Warning (20014): Assignment for entity set_global_assignment -name PROPAGATE_INVERSIONS_ON_INPUTS ON -entity binAddSub -section_id Top was ignored
    Warning (20014): Assignment for entity set_global_assignment -name REMOVE_LOGIC_ON_UNCONNECTED_OUTPUTS ON -entity binAddSub -section_id Top was ignored
    Warning (20014): Assignment for entity set_global_assignment -name MERGE_EQUIVALENT_INPUTS ON -entity binAddSub -section_id Top was ignored
    Warning (20014): Assignment for entity set_global_assignment -name MERGE_EQUIVALENT_BIDIRS ON -entity binAddSub -section_id Top was ignored
    Warning (20014): Assignment for entity set_global_assignment -name ABSORB_PATHS_FROM_OUTPUTS_TO_INPUTS ON -entity binAddSub -section_id Top was ignored
    Warning (20014): Assignment for entity set_global_assignment -name PARTITION_EXTRACT_HARD_BLOCK_NODES ON -entity binAddSub -section_id Top was ignored
    Warning (20014): Assignment for entity set_global_assignment -name PARTITION_ENABLE_STRICT_PRESERVATION OFF -entity binAddSub -section_id Top was ignored
Info (16010): Generating hard_block partition "hard_block:auto_generated_inst"
    Info (16011): Adding 0 node(s), including 0 DDIO, 0 PLL, 0 transceiver and 0 LCELL
Info (21057): Implemented 243 device resources after synthesis - the final resource count might be different
    Info (21058): Implemented 14 input pins
    Info (21059): Implemented 42 output pins
    Info (21061): Implemented 187 logic cells
Info: Quartus Prime Analysis & Synthesis was successful. 0 errors, 153 warnings
    Info: Peak virtual memory: 4867 megabytes
    Info: Processing ended: Fri Feb 22 14:50:29 2019
    Info: Elapsed time: 00:00:14
    Info: Total CPU time (on all processors): 00:00:23


